DEBUG: array size: 100
compares/arrays length for h = 40 : 0.730000
compares/arrays length for h = 13 : 1.630000
compares/arrays length for h = 4 : 2.450000
compares/arrays length for h = 1 : 2.290000
DEBUG: array size: 1000
compares/arrays length for h = 364 : 0.822000
compares/arrays length for h = 121 : 1.665000
compares/arrays length for h = 40 : 2.369000
compares/arrays length for h = 13 : 2.789000
compares/arrays length for h = 4 : 3.548000
compares/arrays length for h = 1 : 2.764000
DEBUG: array size: 10000
compares/arrays length for h = 9841 : 0.015900
compares/arrays length for h = 3280 : 0.903700
compares/arrays length for h = 1093 : 1.733100
compares/arrays length for h = 364 : 2.363500
compares/arrays length for h = 121 : 2.946800
compares/arrays length for h = 40 : 3.750400
compares/arrays length for h = 13 : 4.849300
compares/arrays length for h = 4 : 4.076000
compares/arrays length for h = 1 : 2.710800
DEBUG: array size: 100000
compares/arrays length for h = 88573 : 0.114270
compares/arrays length for h = 29524 : 0.978360
compares/arrays length for h = 9841 : 1.763160
compares/arrays length for h = 3280 : 2.411750
compares/arrays length for h = 1093 : 2.974230
compares/arrays length for h = 364 : 3.649370
compares/arrays length for h = 121 : 4.646460
compares/arrays length for h = 40 : 5.550960
compares/arrays length for h = 13 : 8.058140
compares/arrays length for h = 4 : 4.556450
compares/arrays length for h = 1 : 2.763020
DEBUG: array size: 1000000
compares/arrays length for h = 797161 : 0.202839
compares/arrays length for h = 265720 : 1.050266
compares/arrays length for h = 88573 : 1.827799
compares/arrays length for h = 29524 : 2.444807
compares/arrays length for h = 9841 : 3.064834
compares/arrays length for h = 3280 : 3.812589
compares/arrays length for h = 1093 : 5.005451
compares/arrays length for h = 364 : 6.944084
compares/arrays length for h = 121 : 9.586189
compares/arrays length for h = 40 : 12.310071
compares/arrays length for h = 13 : 10.187454
compares/arrays length for h = 4 : 4.623494
compares/arrays length for h = 1 : 2.755307
DEBUG: array size: 10000000
compares/arrays length for h = 7174453 : 0.282555
compares/arrays length for h = 2391484 : 1.121044
compares/arrays length for h = 797161 : 1.897309
compares/arrays length for h = 265720 : 2.502221
compares/arrays length for h = 88573 : 3.117557
compares/arrays length for h = 29524 : 3.941435
compares/arrays length for h = 9841 : 5.111187
compares/arrays length for h = 3280 : 6.933216
compares/arrays length for h = 1093 : 9.756913
compares/arrays length for h = 364 : 13.869364
compares/arrays length for h = 121 : 17.055052
compares/arrays length for h = 40 : 20.702013
compares/arrays length for h = 13 : 12.616996
compares/arrays length for h = 4 : 4.667095
compares/arrays length for h = 1 : 2.756335
DEBUG: array size: 100000000
compares/arrays length for h = 64570081 : 0.354299
compares/arrays length for h = 21523360 : 1.194766
compares/arrays length for h = 7174453 : 1.941799
compares/arrays length for h = 2391484 : 2.579140
compares/arrays length for h = 797161 : 3.191878
compares/arrays length for h = 265720 : 4.019813
compares/arrays length for h = 88573 : 5.266327
compares/arrays length for h = 29524 : 7.117245
compares/arrays length for h = 9841 : 9.960027
compares/arrays length for h = 3280 : 14.064889
compares/arrays length for h = 1093 : 19.713438
compares/arrays length for h = 364 : 26.679535
compares/arrays length for h = 121 : 29.668339
compares/arrays length for h = 40 : 32.526886
compares/arrays length for h = 13 : 11.956400
compares/arrays length for h = 4 : 4.630132
compares/arrays length for h = 1 : 2.755701
DEBUG: array size: 1000000000
Exception in thread "main" java.lang.OutOfMemoryError: Java heap space
	at common.RandomDoubleArrayCreator.createPrimitive(RandomDoubleArrayCreator.java:25)
		at e12.ShellSortHOutputDoublePrimitiveTest.main(ShellSortHOutputDoublePrimitiveTest.java:15)
		
