Before sort: Deck {[ 
0={SPADE, KNAVE}, 1={SPADE, SEVEN}, 2={CLUB, TEN}, 3={DIAMOND, NINE}, 4={SPADE, TEN}, 5={SPADE, ACE}, 6={DIAMOND, EIGHT}, 7={DIAMOND, ACE}, 8={CLUB, ACE}, 
9={HEART, SEVEN}, 10={DIAMOND, SIX}, 11={SPADE, KING}, 12={HEART, SIX}, 13={DIAMOND, TEN}, 14={HEART, KNAVE}, 15={HEART, ACE}, 16={DIAMOND, SEVEN}, 17={SPADE, NINE}, 
18={SPADE, QUEEN}, 19={CLUB, SEVEN}, 20={CLUB, EIGHT}, 21={DIAMOND, KING}, 22={CLUB, QUEEN}, 23={HEART, QUEEN}, 24={SPADE, EIGHT}, 25={CLUB, KING}, 26={HEART, NINE}, 
27={SPADE, SIX}, 28={HEART, KING}, 29={HEART, TEN}, 30={CLUB, KNAVE}, 31={HEART, EIGHT}, 32={DIAMOND, KNAVE}, 33={CLUB, SIX}, 34={CLUB, NINE}, 35={DIAMOND, QUEEN}
]}
DEBUG: h = 13, Deck {[ 
0={SPADE, KNAVE}, 1={SPADE, SIX}, 2={HEART, KING}, 3={HEART, TEN}, 4={SPADE, NINE}, 5={SPADE, QUEEN}, 6={CLUB, SEVEN}, 7={CLUB, SIX}, 8={CLUB, NINE}, 
9={HEART, SEVEN}, 10={HEART, QUEEN}, 11={SPADE, EIGHT}, 12={HEART, SIX}, 13={HEART, NINE}, 14={SPADE, SEVEN}, 15={HEART, ACE}, 16={DIAMOND, SEVEN}, 17={SPADE, TEN}, 
18={SPADE, ACE}, 19={DIAMOND, EIGHT}, 20={CLUB, EIGHT}, 21={CLUB, ACE}, 22={CLUB, QUEEN}, 23={DIAMOND, SIX}, 24={SPADE, KING}, 25={CLUB, KING}, 26={DIAMOND, TEN}, 
27={HEART, KNAVE}, 28={CLUB, TEN}, 29={DIAMOND, NINE}, 30={CLUB, KNAVE}, 31={HEART, EIGHT}, 32={DIAMOND, KNAVE}, 33={DIAMOND, ACE}, 34={DIAMOND, KING}, 35={DIAMOND, QUEEN}
]} 
DEBUG: h = 4, Deck {[ 
0={SPADE, NINE}, 1={SPADE, SIX}, 2={SPADE, SEVEN}, 3={SPADE, EIGHT}, 4={SPADE, KNAVE}, 5={SPADE, TEN}, 6={SPADE, ACE}, 7={HEART, EIGHT}, 8={SPADE, KING}, 
9={SPADE, QUEEN}, 10={HEART, QUEEN}, 11={HEART, TEN}, 12={HEART, SIX}, 13={HEART, SEVEN}, 14={HEART, KING}, 15={HEART, KNAVE}, 16={CLUB, EIGHT}, 17={HEART, NINE}, 
18={CLUB, SEVEN}, 19={HEART, ACE}, 20={CLUB, NINE}, 21={CLUB, KING}, 22={CLUB, KNAVE}, 23={CLUB, SIX}, 24={CLUB, TEN}, 25={CLUB, ACE}, 26={CLUB, QUEEN}, 
27={DIAMOND, SIX}, 28={DIAMOND, SEVEN}, 29={DIAMOND, NINE}, 30={DIAMOND, TEN}, 31={DIAMOND, EIGHT}, 32={DIAMOND, KNAVE}, 33={DIAMOND, ACE}, 34={DIAMOND, KING}, 35={DIAMOND, QUEEN}
]} 
DEBUG: h = 1, Deck {[ 
0={SPADE, SIX}, 1={SPADE, SEVEN}, 2={SPADE, EIGHT}, 3={SPADE, NINE}, 4={SPADE, TEN}, 5={SPADE, KNAVE}, 6={SPADE, QUEEN}, 7={SPADE, KING}, 8={SPADE, ACE}, 
9={HEART, SIX}, 10={HEART, SEVEN}, 11={HEART, EIGHT}, 12={HEART, NINE}, 13={HEART, TEN}, 14={HEART, KNAVE}, 15={HEART, QUEEN}, 16={HEART, KING}, 17={HEART, ACE}, 
18={CLUB, SIX}, 19={CLUB, SEVEN}, 20={CLUB, EIGHT}, 21={CLUB, NINE}, 22={CLUB, TEN}, 23={CLUB, KNAVE}, 24={CLUB, QUEEN}, 25={CLUB, KING}, 26={CLUB, ACE}, 
27={DIAMOND, SIX}, 28={DIAMOND, SEVEN}, 29={DIAMOND, EIGHT}, 30={DIAMOND, NINE}, 31={DIAMOND, TEN}, 32={DIAMOND, KNAVE}, 33={DIAMOND, QUEEN}, 34={DIAMOND, KING}, 35={DIAMOND, ACE}
]} 
DEBUG: SortStatistic [compares=169, exchanges=97]
After sort: Deck {[ 
0={SPADE, SIX}, 1={SPADE, SEVEN}, 2={SPADE, EIGHT}, 3={SPADE, NINE}, 4={SPADE, TEN}, 5={SPADE, KNAVE}, 6={SPADE, QUEEN}, 7={SPADE, KING}, 8={SPADE, ACE}, 
9={HEART, SIX}, 10={HEART, SEVEN}, 11={HEART, EIGHT}, 12={HEART, NINE}, 13={HEART, TEN}, 14={HEART, KNAVE}, 15={HEART, QUEEN}, 16={HEART, KING}, 17={HEART, ACE}, 
18={CLUB, SIX}, 19={CLUB, SEVEN}, 20={CLUB, EIGHT}, 21={CLUB, NINE}, 22={CLUB, TEN}, 23={CLUB, KNAVE}, 24={CLUB, QUEEN}, 25={CLUB, KING}, 26={CLUB, ACE}, 
27={DIAMOND, SIX}, 28={DIAMOND, SEVEN}, 29={DIAMOND, EIGHT}, 30={DIAMOND, NINE}, 31={DIAMOND, TEN}, 32={DIAMOND, KNAVE}, 33={DIAMOND, QUEEN}, 34={DIAMOND, KING}, 35={DIAMOND, ACE}
]}
